  MyForm.cpp
D:\soft\VisualStudio\VC\Tools\MSVC\14.43.34808\include\iostream(39,67): error C4430: отсутствует спецификатор типа - предполагается int. Примечание. C++ не поддерживает int по умолчанию
  (компиляция исходного файла "MyForm.cpp")
  
D:\soft\VisualStudio\VC\Tools\MSVC\14.43.34808\include\iostream(39,75): error C2146: синтаксическая ошибка: отсутствие ";" перед идентификатором "cin"
  (компиляция исходного файла "MyForm.cpp")
  
D:\soft\VisualStudio\VC\Tools\MSVC\14.43.34808\include\iostream(39,75): error C4430: отсутствует спецификатор типа - предполагается int. Примечание. C++ не поддерживает int по умолчанию
  (компиляция исходного файла "MyForm.cpp")
  
D:\soft\VisualStudio\VC\Tools\MSVC\14.43.34808\include\iostream(40,67): error C4430: отсутствует спецификатор типа - предполагается int. Примечание. C++ не поддерживает int по умолчанию
  (компиляция исходного файла "MyForm.cpp")
  
D:\soft\VisualStudio\VC\Tools\MSVC\14.43.34808\include\iostream(40,75): error C2146: синтаксическая ошибка: отсутствие ";" перед идентификатором "cout"
  (компиляция исходного файла "MyForm.cpp")
  
D:\soft\VisualStudio\VC\Tools\MSVC\14.43.34808\include\iostream(40,75): error C4430: отсутствует спецификатор типа - предполагается int. Примечание. C++ не поддерживает int по умолчанию
  (компиляция исходного файла "MyForm.cpp")
  
D:\soft\VisualStudio\VC\Tools\MSVC\14.43.34808\include\iostream(41,67): error C4430: отсутствует спецификатор типа - предполагается int. Примечание. C++ не поддерживает int по умолчанию
  (компиляция исходного файла "MyForm.cpp")
  
D:\soft\VisualStudio\VC\Tools\MSVC\14.43.34808\include\iostream(41,75): error C2146: синтаксическая ошибка: отсутствие ";" перед идентификатором "cerr"
  (компиляция исходного файла "MyForm.cpp")
  
D:\soft\VisualStudio\VC\Tools\MSVC\14.43.34808\include\iostream(41,75): error C4430: отсутствует спецификатор типа - предполагается int. Примечание. C++ не поддерживает int по умолчанию
  (компиляция исходного файла "MyForm.cpp")
  
D:\soft\VisualStudio\VC\Tools\MSVC\14.43.34808\include\iostream(42,67): error C4430: отсутствует спецификатор типа - предполагается int. Примечание. C++ не поддерживает int по умолчанию
  (компиляция исходного файла "MyForm.cpp")
  
D:\soft\VisualStudio\VC\Tools\MSVC\14.43.34808\include\iostream(42,75): error C2146: синтаксическая ошибка: отсутствие ";" перед идентификатором "clog"
  (компиляция исходного файла "MyForm.cpp")
  
D:\soft\VisualStudio\VC\Tools\MSVC\14.43.34808\include\iostream(42,75): error C4430: отсутствует спецификатор типа - предполагается int. Примечание. C++ не поддерживает int по умолчанию
  (компиляция исходного файла "MyForm.cpp")
  
D:\soft\VisualStudio\VC\Tools\MSVC\14.43.34808\include\iostream(43,62): error C2143: синтаксическая ошибка: отсутствие ";" перед "*"
  (компиляция исходного файла "MyForm.cpp")
  
D:\soft\VisualStudio\VC\Tools\MSVC\14.43.34808\include\iostream(43,55): error C4430: отсутствует спецификатор типа - предполагается int. Примечание. C++ не поддерживает int по умолчанию
  (компиляция исходного файла "MyForm.cpp")
  
D:\soft\VisualStudio\VC\Tools\MSVC\14.43.34808\include\iostream(43,64): error C4430: отсутствует спецификатор типа - предполагается int. Примечание. C++ не поддерживает int по умолчанию
  (компиляция исходного файла "MyForm.cpp")
  
D:\soft\VisualStudio\VC\Tools\MSVC\14.43.34808\include\iostream(44,62): error C2143: синтаксическая ошибка: отсутствие ";" перед "*"
  (компиляция исходного файла "MyForm.cpp")
  
D:\soft\VisualStudio\VC\Tools\MSVC\14.43.34808\include\iostream(44,55): error C4430: отсутствует спецификатор типа - предполагается int. Примечание. C++ не поддерживает int по умолчанию
  (компиляция исходного файла "MyForm.cpp")
  
D:\soft\VisualStudio\VC\Tools\MSVC\14.43.34808\include\iostream(44,64): error C4430: отсутствует спецификатор типа - предполагается int. Примечание. C++ не поддерживает int по умолчанию
  (компиляция исходного файла "MyForm.cpp")
  
D:\soft\VisualStudio\VC\Tools\MSVC\14.43.34808\include\iostream(45,62): error C2143: синтаксическая ошибка: отсутствие ";" перед "*"
  (компиляция исходного файла "MyForm.cpp")
  
D:\soft\VisualStudio\VC\Tools\MSVC\14.43.34808\include\iostream(45,55): error C4430: отсутствует спецификатор типа - предполагается int. Примечание. C++ не поддерживает int по умолчанию
  (компиляция исходного файла "MyForm.cpp")
  
D:\soft\VisualStudio\VC\Tools\MSVC\14.43.34808\include\iostream(45,64): error C4430: отсутствует спецификатор типа - предполагается int. Примечание. C++ не поддерживает int по умолчанию
  (компиляция исходного файла "MyForm.cpp")
  
D:\soft\VisualStudio\VC\Tools\MSVC\14.43.34808\include\iostream(46,62): error C2143: синтаксическая ошибка: отсутствие ";" перед "*"
  (компиляция исходного файла "MyForm.cpp")
  
D:\soft\VisualStudio\VC\Tools\MSVC\14.43.34808\include\iostream(46,55): error C4430: отсутствует спецификатор типа - предполагается int. Примечание. C++ не поддерживает int по умолчанию
  (компиляция исходного файла "MyForm.cpp")
  
D:\soft\VisualStudio\VC\Tools\MSVC\14.43.34808\include\iostream(46,64): error C4430: отсутствует спецификатор типа - предполагается int. Примечание. C++ не поддерживает int по умолчанию
  (компиляция исходного файла "MyForm.cpp")
  
D:\soft\VisualStudio\VC\Tools\MSVC\14.43.34808\include\iostream(48,67): error C4430: отсутствует спецификатор типа - предполагается int. Примечание. C++ не поддерживает int по умолчанию
  (компиляция исходного файла "MyForm.cpp")
  
D:\soft\VisualStudio\VC\Tools\MSVC\14.43.34808\include\iostream(48,76): error C2146: синтаксическая ошибка: отсутствие ";" перед идентификатором "wcin"
  (компиляция исходного файла "MyForm.cpp")
  
D:\soft\VisualStudio\VC\Tools\MSVC\14.43.34808\include\iostream(48,76): error C4430: отсутствует спецификатор типа - предполагается int. Примечание. C++ не поддерживает int по умолчанию
  (компиляция исходного файла "MyForm.cpp")
  
D:\soft\VisualStudio\VC\Tools\MSVC\14.43.34808\include\iostream(49,67): error C4430: отсутствует спецификатор типа - предполагается int. Примечание. C++ не поддерживает int по умолчанию
  (компиляция исходного файла "MyForm.cpp")
  
D:\soft\VisualStudio\VC\Tools\MSVC\14.43.34808\include\iostream(49,76): error C2146: синтаксическая ошибка: отсутствие ";" перед идентификатором "wcout"
  (компиляция исходного файла "MyForm.cpp")
  
D:\soft\VisualStudio\VC\Tools\MSVC\14.43.34808\include\iostream(49,76): error C4430: отсутствует спецификатор типа - предполагается int. Примечание. C++ не поддерживает int по умолчанию
  (компиляция исходного файла "MyForm.cpp")
  
D:\soft\VisualStudio\VC\Tools\MSVC\14.43.34808\include\iostream(50,67): error C4430: отсутствует спецификатор типа - предполагается int. Примечание. C++ не поддерживает int по умолчанию
  (компиляция исходного файла "MyForm.cpp")
  
D:\soft\VisualStudio\VC\Tools\MSVC\14.43.34808\include\iostream(50,76): error C2146: синтаксическая ошибка: отсутствие ";" перед идентификатором "wcerr"
  (компиляция исходного файла "MyForm.cpp")
  
D:\soft\VisualStudio\VC\Tools\MSVC\14.43.34808\include\iostream(50,76): error C4430: отсутствует спецификатор типа - предполагается int. Примечание. C++ не поддерживает int по умолчанию
  (компиляция исходного файла "MyForm.cpp")
  
D:\soft\VisualStudio\VC\Tools\MSVC\14.43.34808\include\iostream(51,67): error C4430: отсутствует спецификатор типа - предполагается int. Примечание. C++ не поддерживает int по умолчанию
  (компиляция исходного файла "MyForm.cpp")
  
D:\soft\VisualStudio\VC\Tools\MSVC\14.43.34808\include\iostream(51,76): error C2146: синтаксическая ошибка: отсутствие ";" перед идентификатором "wclog"
  (компиляция исходного файла "MyForm.cpp")
  
D:\soft\VisualStudio\VC\Tools\MSVC\14.43.34808\include\iostream(51,76): error C4430: отсутствует спецификатор типа - предполагается int. Примечание. C++ не поддерживает int по умолчанию
  (компиляция исходного файла "MyForm.cpp")
  
D:\soft\VisualStudio\VC\Tools\MSVC\14.43.34808\include\iostream(52,63): error C2143: синтаксическая ошибка: отсутствие ";" перед "*"
  (компиляция исходного файла "MyForm.cpp")
  
D:\soft\VisualStudio\VC\Tools\MSVC\14.43.34808\include\iostream(52,55): error C4430: отсутствует спецификатор типа - предполагается int. Примечание. C++ не поддерживает int по умолчанию
  (компиляция исходного файла "MyForm.cpp")
  
D:\soft\VisualStudio\VC\Tools\MSVC\14.43.34808\include\iostream(52,65): error C4430: отсутствует спецификатор типа - предполагается int. Примечание. C++ не поддерживает int по умолчанию
  (компиляция исходного файла "MyForm.cpp")
  
D:\soft\VisualStudio\VC\Tools\MSVC\14.43.34808\include\iostream(53,63): error C2143: синтаксическая ошибка: отсутствие ";" перед "*"
  (компиляция исходного файла "MyForm.cpp")
  
D:\soft\VisualStudio\VC\Tools\MSVC\14.43.34808\include\iostream(53,55): error C4430: отсутствует спецификатор типа - предполагается int. Примечание. C++ не поддерживает int по умолчанию
  (компиляция исходного файла "MyForm.cpp")
  
D:\soft\VisualStudio\VC\Tools\MSVC\14.43.34808\include\iostream(53,65): error C4430: отсутствует спецификатор типа - предполагается int. Примечание. C++ не поддерживает int по умолчанию
  (компиляция исходного файла "MyForm.cpp")
  
D:\soft\VisualStudio\VC\Tools\MSVC\14.43.34808\include\iostream(54,63): error C2143: синтаксическая ошибка: отсутствие ";" перед "*"
  (компиляция исходного файла "MyForm.cpp")
  
D:\soft\VisualStudio\VC\Tools\MSVC\14.43.34808\include\iostream(54,55): error C4430: отсутствует спецификатор типа - предполагается int. Примечание. C++ не поддерживает int по умолчанию
  (компиляция исходного файла "MyForm.cpp")
  
D:\soft\VisualStudio\VC\Tools\MSVC\14.43.34808\include\iostream(54,65): error C4430: отсутствует спецификатор типа - предполагается int. Примечание. C++ не поддерживает int по умолчанию
  (компиляция исходного файла "MyForm.cpp")
  
D:\soft\VisualStudio\VC\Tools\MSVC\14.43.34808\include\iostream(55,63): error C2143: синтаксическая ошибка: отсутствие ";" перед "*"
  (компиляция исходного файла "MyForm.cpp")
  
D:\soft\VisualStudio\VC\Tools\MSVC\14.43.34808\include\iostream(55,55): error C4430: отсутствует спецификатор типа - предполагается int. Примечание. C++ не поддерживает int по умолчанию
  (компиляция исходного файла "MyForm.cpp")
  
D:\soft\VisualStudio\VC\Tools\MSVC\14.43.34808\include\iostream(55,65): error C4430: отсутствует спецификатор типа - предполагается int. Примечание. C++ не поддерживает int по умолчанию
  (компиляция исходного файла "MyForm.cpp")
  
D:\Учёба\ООП\курсач\Приложение\App\App\IEVM.h(8,31): error C2061: синтаксическая ошибка: идентификатор "string"
  (компиляция исходного файла "MyForm.cpp")
  
D:\Учёба\ООП\курсач\Приложение\App\App\IEVM.h(9,17): error C3646: GetNameOfCorpus: неизвестный спецификатор переопределения
  (компиляция исходного файла "MyForm.cpp")
  
D:\Учёба\ООП\курсач\Приложение\App\App\IEVM.h(9,33): error C2059: синтаксическая ошибка: )
  (компиляция исходного файла "MyForm.cpp")
  
D:\Учёба\ООП\курсач\Приложение\App\App\IEVM.h(9,38): error C2238: непредвиденные лексемы перед ";"
  (компиляция исходного файла "MyForm.cpp")
  
D:\Учёба\ООП\курсач\Приложение\App\App\Laptop.h(6,8): error C2143: синтаксическая ошибка: отсутствие ";" перед "*"
  (компиляция исходного файла "MyForm.cpp")
  
D:\Учёба\ООП\курсач\Приложение\App\App\Laptop.h(6,2): error C4430: отсутствует спецификатор типа - предполагается int. Примечание. C++ не поддерживает int по умолчанию
  (компиляция исходного файла "MyForm.cpp")
  
D:\Учёба\ООП\курсач\Приложение\App\App\Laptop.h(6,23): error C2238: непредвиденные лексемы перед ";"
  (компиляция исходного файла "MyForm.cpp")
  
D:\Учёба\ООП\курсач\Приложение\App\App\Laptop.h(12,9): error C2061: синтаксическая ошибка: идентификатор "string"
  (компиляция исходного файла "MyForm.cpp")
  
D:\Учёба\ООП\курсач\Приложение\App\App\Laptop.h(12,2): error C2535: App::Laptop::Laptop(void): функция-член уже определена или объявлена
  (компиляция исходного файла "MyForm.cpp")
      D:\Учёба\ООП\курсач\Приложение\App\App\Laptop.h(11,2):
       см. объявление "App::Laptop::Laptop"
  
D:\Учёба\ООП\курсач\Приложение\App\App\Laptop.h(15,23): error C2061: синтаксическая ошибка: идентификатор "string"
  (компиляция исходного файла "MyForm.cpp")
  
D:\Учёба\ООП\курсач\Приложение\App\App\Laptop.h(16,9): error C3646: GetNameOfCorpus: неизвестный спецификатор переопределения
  (компиляция исходного файла "MyForm.cpp")
  
D:\Учёба\ООП\курсач\Приложение\App\App\Laptop.h(16,24): error C2059: синтаксическая ошибка: (
  (компиляция исходного файла "MyForm.cpp")
  
D:\Учёба\ООП\курсач\Приложение\App\App\Laptop.h(16,35): error C2238: непредвиденные лексемы перед ";"
  (компиляция исходного файла "MyForm.cpp")
  
D:\Учёба\ООП\курсач\Приложение\App\App\Laptop.h(28,16): error C2065: string: необъявленный идентификатор
  (компиляция исходного файла "MyForm.cpp")
  
D:\Учёба\ООП\курсач\Приложение\App\App\Laptop.h(28,23): error C2146: синтаксическая ошибка: отсутствие ")" перед идентификатором "NameOfCompany"
  (компиляция исходного файла "MyForm.cpp")
  
D:\Учёба\ООП\курсач\Приложение\App\App\Laptop.h(28,75): error C2143: синтаксическая ошибка: отсутствие ";" перед "{"
  (компиляция исходного файла "MyForm.cpp")
  
D:\Учёба\ООП\курсач\Приложение\App\App\Laptop.h(28,75): error C2447: {: отсутствует заголовок функции (возможно, используется формальный список старого типа)
  (компиляция исходного файла "MyForm.cpp")
  
D:\Учёба\ООП\курсач\Приложение\App\App\Laptop.h(47,30): error C2065: string: необъявленный идентификатор
  (компиляция исходного файла "MyForm.cpp")
  
D:\Учёба\ООП\курсач\Приложение\App\App\Laptop.h(47,37): error C2146: синтаксическая ошибка: отсутствие ")" перед идентификатором "nameOfCompany"
  (компиляция исходного файла "MyForm.cpp")
  
D:\Учёба\ООП\курсач\Приложение\App\App\Laptop.h(47,52): error C2143: синтаксическая ошибка: отсутствие ";" перед "{"
  (компиляция исходного файла "MyForm.cpp")
  
D:\Учёба\ООП\курсач\Приложение\App\App\Laptop.h(47,52): error C2447: {: отсутствует заголовок функции (возможно, используется формальный список старого типа)
  (компиляция исходного файла "MyForm.cpp")
  
D:\Учёба\ООП\курсач\Приложение\App\App\Laptop.h(50,16): error C2039: "GetNameOfCorpus": не является членом "App::Laptop".
  (компиляция исходного файла "MyForm.cpp")
      D:\Учёба\ООП\курсач\Приложение\App\App\Laptop.h(4,7):
       см. объявление "App::Laptop"
  
D:\Учёба\ООП\курсач\Приложение\App\App\Laptop.h(50,1): error C4430: отсутствует спецификатор типа - предполагается int. Примечание. C++ не поддерживает int по умолчанию
  (компиляция исходного файла "MyForm.cpp")
  
D:\Учёба\ООП\курсач\Приложение\App\App\Laptop.h(50,16): error C2146: синтаксическая ошибка: отсутствие ";" перед идентификатором "GetNameOfCorpus"
  (компиляция исходного файла "MyForm.cpp")
  
D:\Учёба\ООП\курсач\Приложение\App\App\Laptop.h(50,34): error C2143: синтаксическая ошибка: отсутствие ";" перед "{"
  (компиляция исходного файла "MyForm.cpp")
  
D:\Учёба\ООП\курсач\Приложение\App\App\Laptop.h(50,34): error C2447: {: отсутствует заголовок функции (возможно, используется формальный список старого типа)
  (компиляция исходного файла "MyForm.cpp")
  
D:\Учёба\ООП\курсач\Приложение\App\App\Laptop.h(60,7): error C2297: "<<": недопустимо, поскольку тип правого операнда — "const char [8]"
  (компиляция исходного файла "MyForm.cpp")
  
D:\Учёба\ООП\курсач\Приложение\App\App\Laptop.h(60,23): error C2065: endl: необъявленный идентификатор
  (компиляция исходного файла "MyForm.cpp")
  
D:\Учёба\ООП\курсач\Приложение\App\App\Laptop.h(60,20): warning C4552: "<<": результат выражения не используется
  (компиляция исходного файла "MyForm.cpp")
  
D:\Учёба\ООП\курсач\Приложение\App\App\Laptop.h(61,7): error C2297: "<<": недопустимо, поскольку тип правого операнда — "const char [20]"
  (компиляция исходного файла "MyForm.cpp")
  
D:\Учёба\ООП\курсач\Приложение\App\App\Laptop.h(61,52): error C2065: nameOfCompany: необъявленный идентификатор
  (компиляция исходного файла "MyForm.cpp")
  
D:\Учёба\ООП\курсач\Приложение\App\App\Laptop.h(61,69): error C2065: endl: необъявленный идентификатор
  (компиляция исходного файла "MyForm.cpp")
  
D:\Учёба\ООП\курсач\Приложение\App\App\Laptop.h(61,66): warning C4552: "<<": результат выражения не используется
  (компиляция исходного файла "MyForm.cpp")
  
D:\Учёба\ООП\курсач\Приложение\App\App\Laptop.h(62,7): error C2297: "<<": недопустимо, поскольку тип правого операнда — "const char [14]"
  (компиляция исходного файла "MyForm.cpp")
  
D:\Учёба\ООП\курсач\Приложение\App\App\Laptop.h(62,47): error C2065: endl: необъявленный идентификатор
  (компиляция исходного файла "MyForm.cpp")
  
D:\Учёба\ООП\курсач\Приложение\App\App\Laptop.h(62,44): warning C4552: "<<": результат выражения не используется
  (компиляция исходного файла "MyForm.cpp")
  
D:\Учёба\ООП\курсач\Приложение\App\App\Laptop.h(63,7): error C2297: "<<": недопустимо, поскольку тип правого операнда — "const char [10]"
  (компиляция исходного файла "MyForm.cpp")
  
D:\Учёба\ООП\курсач\Приложение\App\App\Laptop.h(63,29): error C2297: "<<": недопустимо, поскольку тип правого операнда — "double"
  (компиляция исходного файла "MyForm.cpp")
  
D:\Учёба\ООП\курсач\Приложение\App\App\Laptop.h(63,41): error C2065: endl: необъявленный идентификатор
  (компиляция исходного файла "MyForm.cpp")
  
D:\Учёба\ООП\курсач\Приложение\App\App\Laptop.h(63,38): warning C4552: "<<": результат выражения не используется
  (компиляция исходного файла "MyForm.cpp")
  
D:\Учёба\ООП\курсач\Приложение\App\App\Laptop.h(64,7): error C2297: "<<": недопустимо, поскольку тип правого операнда — "const char [6]"
  (компиляция исходного файла "MyForm.cpp")
  
D:\Учёба\ООП\курсач\Приложение\App\App\Laptop.h(64,34): error C2065: endl: необъявленный идентификатор
  (компиляция исходного файла "MyForm.cpp")
  
D:\Учёба\ООП\курсач\Приложение\App\App\Laptop.h(64,31): warning C4552: "<<": результат выражения не используется
  (компиляция исходного файла "MyForm.cpp")
  
D:\Учёба\ООП\курсач\Приложение\App\App\Laptop.h(67,9): error C2065: nameOfCompany: необъявленный идентификатор
  (компиляция исходного файла "MyForm.cpp")
  
D:\Учёба\ООП\курсач\Приложение\App\App\Laptop.h(67,2): error C2541: delete: нельзя удалять объекты, не являющиеся указателями
  (компиляция исходного файла "MyForm.cpp")
  
D:\Учёба\ООП\курсач\Приложение\App\App\Personal.h(9,1): error C4430: отсутствует спецификатор типа - предполагается int. Примечание. C++ не поддерживает int по умолчанию
  (компиляция исходного файла "MyForm.cpp")
  
D:\Учёба\ООП\курсач\Приложение\App\App\Personal.h(9,7): error C2373: App::string: переопределение; различные модификаторы типа
  (компиляция исходного файла "MyForm.cpp")
      D:\Учёба\ООП\курсач\Приложение\App\App\Laptop.h(50,1):
       см. объявление "App::string"
  
D:\Учёба\ООП\курсач\Приложение\App\App\Personal.h(9,14): error C2146: синтаксическая ошибка: отсутствие ";" перед идентификатором "NameOfScreen"
  (компиляция исходного файла "MyForm.cpp")
  
D:\Учёба\ООП\курсач\Приложение\App\App\Personal.h(9,14): error C4430: отсутствует спецификатор типа - предполагается int. Примечание. C++ не поддерживает int по умолчанию
  (компиляция исходного файла "MyForm.cpp")
  
D:\Учёба\ООП\курсач\Приложение\App\App\Personal.h(10,3): error C2440: инициализация: невозможно преобразовать "const char [5]" в "int"
  (компиляция исходного файла "MyForm.cpp")
      D:\Учёба\ООП\курсач\Приложение\App\App\Personal.h(10,3):
      Не существует контекста, в котором такое преобразование возможно
  
D:\Учёба\ООП\курсач\Приложение\App\App\Personal.h(11,2): error C2440: инициализация: невозможно преобразовать "const char [7]" в "int"
  (компиляция исходного файла "MyForm.cpp")
      D:\Учёба\ООП\курсач\Приложение\App\App\Personal.h(11,2):
      Не существует контекста, в котором такое преобразование возможно
  
D:\Учёба\ООП\курсач\Приложение\App\App\Personal.h(12,2): error C2440: инициализация: невозможно преобразовать "const char [8]" в "int"
  (компиляция исходного файла "MyForm.cpp")
      D:\Учёба\ООП\курсач\Приложение\App\App\Personal.h(12,2):
      Не существует контекста, в котором такое преобразование возможно
  
D:\Учёба\ООП\курсач\Приложение\App\App\Personal.h(13,2): error C2440: инициализация: невозможно преобразовать "const char [7]" в "int"
  (компиляция исходного файла "MyForm.cpp")
      D:\Учёба\ООП\курсач\Приложение\App\App\Personal.h(13,2):
      Не существует контекста, в котором такое преобразование возможно
  
D:\Учёба\ООП\курсач\Приложение\App\App\Personal.h(18,8): error C2143: синтаксическая ошибка: отсутствие ";" перед "*"
  (компиляция исходного файла "MyForm.cpp")
  
D:\Учёба\ООП\курсач\Приложение\App\App\Personal.h(18,2): error C4430: отсутствует спецификатор типа - предполагается int. Примечание. C++ не поддерживает int по умолчанию
  (компиляция исходного файла "MyForm.cpp")
  
D:\Учёба\ООП\курсач\Приложение\App\App\Personal.h(18,23): error C2238: непредвиденные лексемы перед ";"
  (компиляция исходного файла "MyForm.cpp")
  
D:\Учёба\ООП\курсач\Приложение\App\App\Personal.h(23,11): error C2061: синтаксическая ошибка: идентификатор "string"
  (компиляция исходного файла "MyForm.cpp")
  
D:\Учёба\ООП\курсач\Приложение\App\App\Personal.h(23,2): error C2535: App::Personal::Personal(void): функция-член уже определена или объявлена
  (компиляция исходного файла "MyForm.cpp")
      D:\Учёба\ООП\курсач\Приложение\App\App\Personal.h(22,2):
       см. объявление "App::Personal::Personal"
  
D:\Учёба\ООП\курсач\Приложение\App\App\Personal.h(24,23): error C2061: синтаксическая ошибка: идентификатор "string"
  (компиляция исходного файла "MyForm.cpp")
  
D:\Учёба\ООП\курсач\Приложение\App\App\Personal.h(25,9): error C3646: GetNameOfCorpus: неизвестный спецификатор переопределения
  (компиляция исходного файла "MyForm.cpp")
  
D:\Учёба\ООП\курсач\Приложение\App\App\Personal.h(25,24): error C2059: синтаксическая ошибка: (
  (компиляция исходного файла "MyForm.cpp")
  
D:\Учёба\ООП\курсач\Приложение\App\App\Personal.h(25,35): error C2238: непредвиденные лексемы перед ";"
  (компиляция исходного файла "MyForm.cpp")
  
D:\Учёба\ООП\курсач\Приложение\App\App\Personal.h(39,27): error C2146: синтаксическая ошибка: отсутствие ")" перед идентификатором "NameOfCompany"
  (компиляция исходного файла "MyForm.cpp")
  
D:\Учёба\ООП\курсач\Приложение\App\App\Personal.h(39,79): error C2143: синтаксическая ошибка: отсутствие ";" перед "{"
  (компиляция исходного файла "MyForm.cpp")
  
D:\Учёба\ООП\курсач\Приложение\App\App\Personal.h(39,79): error C2447: {: отсутствует заголовок функции (возможно, используется формальный список старого типа)
  (компиляция исходного файла "MyForm.cpp")
  
D:\Учёба\ООП\курсач\Приложение\App\App\Personal.h(69,39): error C2146: синтаксическая ошибка: отсутствие ")" перед идентификатором "nameOfCompany"
  (компиляция исходного файла "MyForm.cpp")
  
D:\Учёба\ООП\курсач\Приложение\App\App\Personal.h(69,54): error C2143: синтаксическая ошибка: отсутствие ";" перед "{"
  (компиляция исходного файла "MyForm.cpp")
  
D:\Учёба\ООП\курсач\Приложение\App\App\Personal.h(69,54): error C2447: {: отсутствует заголовок функции (возможно, используется формальный список старого типа)
  (компиляция исходного файла "MyForm.cpp")
  
D:\Учёба\ООП\курсач\Приложение\App\App\Personal.h(72,18): error C2039: "GetNameOfCorpus": не является членом "App::Personal".
  (компиляция исходного файла "MyForm.cpp")
      D:\Учёба\ООП\курсач\Приложение\App\App\Personal.h(15,7):
       см. объявление "App::Personal"
  
D:\Учёба\ООП\курсач\Приложение\App\App\Personal.h(72,1): error C4430: отсутствует спецификатор типа - предполагается int. Примечание. C++ не поддерживает int по умолчанию
  (компиляция исходного файла "MyForm.cpp")
  
D:\Учёба\ООП\курсач\Приложение\App\App\Personal.h(72,1): error C2086: int App::string: переопределение
  (компиляция исходного файла "MyForm.cpp")
      D:\Учёба\ООП\курсач\Приложение\App\App\Laptop.h(50,1):
       см. объявление "App::string"
  
D:\Учёба\ООП\курсач\Приложение\App\App\Personal.h(72,18): error C2146: синтаксическая ошибка: отсутствие ";" перед идентификатором "GetNameOfCorpus"
  (компиляция исходного файла "MyForm.cpp")
  
D:\Учёба\ООП\курсач\Приложение\App\App\Personal.h(72,36): error C2143: синтаксическая ошибка: отсутствие ";" перед "{"
  (компиляция исходного файла "MyForm.cpp")
  
D:\Учёба\ООП\курсач\Приложение\App\App\Personal.h(72,36): error C2447: {: отсутствует заголовок функции (возможно, используется формальный список старого типа)
  (компиляция исходного файла "MyForm.cpp")
  
D:\Учёба\ООП\курсач\Приложение\App\App\Personal.h(105,7): error C2297: "<<": недопустимо, поскольку тип правого операнда — "const char [10]"
  (компиляция исходного файла "MyForm.cpp")
  
D:\Учёба\ООП\курсач\Приложение\App\App\Personal.h(105,25): error C2065: endl: необъявленный идентификатор
  (компиляция исходного файла "MyForm.cpp")
  
D:\Учёба\ООП\курсач\Приложение\App\App\Personal.h(105,22): warning C4552: "<<": результат выражения не используется
  (компиляция исходного файла "MyForm.cpp")
  
D:\Учёба\ООП\курсач\Приложение\App\App\Personal.h(106,7): error C2297: "<<": недопустимо, поскольку тип правого операнда — "const char [20]"
  (компиляция исходного файла "MyForm.cpp")
  
D:\Учёба\ООП\курсач\Приложение\App\App\Personal.h(106,52): error C2065: nameOfCompany: необъявленный идентификатор
  (компиляция исходного файла "MyForm.cpp")
  
D:\Учёба\ООП\курсач\Приложение\App\App\Personal.h(106,69): error C2065: endl: необъявленный идентификатор
  (компиляция исходного файла "MyForm.cpp")
  
D:\Учёба\ООП\курсач\Приложение\App\App\Personal.h(106,66): warning C4552: "<<": результат выражения не используется
  (компиляция исходного файла "MyForm.cpp")
  
D:\Учёба\ООП\курсач\Приложение\App\App\Personal.h(107,7): error C2297: "<<": недопустимо, поскольку тип правого операнда — "const char [14]"
  (компиляция исходного файла "MyForm.cpp")
  
D:\Учёба\ООП\курсач\Приложение\App\App\Personal.h(107,47): error C2065: endl: необъявленный идентификатор
  (компиляция исходного файла "MyForm.cpp")
  
D:\Учёба\ООП\курсач\Приложение\App\App\Personal.h(107,44): warning C4552: "<<": результат выражения не используется
  (компиляция исходного файла "MyForm.cpp")
  
D:\Учёба\ООП\курсач\Приложение\App\App\Personal.h(108,7): error C2297: "<<": недопустимо, поскольку тип правого операнда — "const char [10]"
  (компиляция исходного файла "MyForm.cpp")
  
D:\Учёба\ООП\курсач\Приложение\App\App\Personal.h(108,29): error C2297: "<<": недопустимо, поскольку тип правого операнда — "double"
  (компиляция исходного файла "MyForm.cpp")
  
D:\Учёба\ООП\курсач\Приложение\App\App\Personal.h(108,41): error C2065: endl: необъявленный идентификатор
  (компиляция исходного файла "MyForm.cpp")
  
D:\Учёба\ООП\курсач\Приложение\App\App\Personal.h(108,38): warning C4552: "<<": результат выражения не используется
  (компиляция исходного файла "MyForm.cpp")
  
D:\Учёба\ООП\курсач\Приложение\App\App\Personal.h(109,7): error C2297: "<<": недопустимо, поскольку тип правого операнда — "const char [10]"
  (компиляция исходного файла "MyForm.cpp")
  
D:\Учёба\ООП\курсач\Приложение\App\App\Personal.h(109,56): error C2065: endl: необъявленный идентификатор
  (компиляция исходного файла "MyForm.cpp")
  
D:\Учёба\ООП\курсач\Приложение\App\App\Personal.h(109,53): warning C4552: "<<": результат выражения не используется
  (компиляция исходного файла "MyForm.cpp")
  
D:\Учёба\ООП\курсач\Приложение\App\App\Personal.h(112,9): error C2065: nameOfCompany: необъявленный идентификатор
  (компиляция исходного файла "MyForm.cpp")
  
D:\Учёба\ООП\курсач\Приложение\App\App\Personal.h(112,2): error C2541: delete: нельзя удалять объекты, не являющиеся указателями
  (компиляция исходного файла "MyForm.cpp")
  
D:\Учёба\ООП\курсач\Приложение\App\App\Server.h(5,8): error C2143: синтаксическая ошибка: отсутствие ";" перед "*"
  (компиляция исходного файла "MyForm.cpp")
  
D:\Учёба\ООП\курсач\Приложение\App\App\Server.h(5,2): error C4430: отсутствует спецификатор типа - предполагается int. Примечание. C++ не поддерживает int по умолчанию
  (компиляция исходного файла "MyForm.cpp")
  
D:\Учёба\ООП\курсач\Приложение\App\App\Server.h(5,23): error C2238: непредвиденные лексемы перед ";"
  (компиляция исходного файла "MyForm.cpp")
  
D:\Учёба\ООП\курсач\Приложение\App\App\Server.h(11,9): error C2061: синтаксическая ошибка: идентификатор "string"
  (компиляция исходного файла "MyForm.cpp")
  
D:\Учёба\ООП\курсач\Приложение\App\App\Server.h(11,2): error C2535: App::Server::Server(void): функция-член уже определена или объявлена
  (компиляция исходного файла "MyForm.cpp")
      D:\Учёба\ООП\курсач\Приложение\App\App\Server.h(10,2):
       см. объявление "App::Server::Server"
  
D:\Учёба\ООП\курсач\Приложение\App\App\Server.h(12,23): error C2061: синтаксическая ошибка: идентификатор "string"
  (компиляция исходного файла "MyForm.cpp")
  
D:\Учёба\ООП\курсач\Приложение\App\App\Server.h(13,9): error C3646: GetNameOfCorpus: неизвестный спецификатор переопределения
  (компиляция исходного файла "MyForm.cpp")
  
D:\Учёба\ООП\курсач\Приложение\App\App\Server.h(13,24): error C2059: синтаксическая ошибка: (
  (компиляция исходного файла "MyForm.cpp")
  
D:\Учёба\ООП\курсач\Приложение\App\App\Server.h(13,24): error C1003: число ошибок превышает 100; остановка компиляции
  (компиляция исходного файла "MyForm.cpp")
  
