  MyForm.cpp
D:\Учёба\Автомат\2-56\Project1\Project1\MyForm.h(240,13): warning C4244: =: преобразование "wchar_t" в "char", возможна потеря данных
  (компиляция исходного файла "MyForm.cpp")
  
D:\Учёба\Автомат\2-56\Project1\Project1\MyForm.h(246,13): warning C4244: =: преобразование "wchar_t" в "char", возможна потеря данных
  (компиляция исходного файла "MyForm.cpp")
  
D:\Учёба\Автомат\2-56\Project1\Project1\MyForm.h(250,13): warning C4244: =: преобразование "wchar_t" в "char", возможна потеря данных
  (компиляция исходного файла "MyForm.cpp")
  
D:\Учёба\Автомат\2-56\Project1\Project1\MyForm.h(254,13): warning C4244: =: преобразование "wchar_t" в "char", возможна потеря данных
  (компиляция исходного файла "MyForm.cpp")
  
D:\Учёба\Автомат\2-56\Project1\Project1\MyForm.h(259,13): warning C4244: =: преобразование "wchar_t" в "char", возможна потеря данных
  (компиляция исходного файла "MyForm.cpp")
  
D:\Учёба\Автомат\2-56\Project1\Project1\MyForm.h(263,13): warning C4244: =: преобразование "wchar_t" в "char", возможна потеря данных
  (компиляция исходного файла "MyForm.cpp")
  
D:\Учёба\Автомат\2-56\Project1\Project1\MyForm.h(271,13): warning C4244: =: преобразование "wchar_t" в "char", возможна потеря данных
  (компиляция исходного файла "MyForm.cpp")
  
D:\Учёба\Автомат\2-56\Project1\Project1\MyForm.h(280,13): warning C4244: =: преобразование "wchar_t" в "char", возможна потеря данных
  (компиляция исходного файла "MyForm.cpp")
  
D:\Учёба\Автомат\2-56\Project1\Project1\MyForm.h(287,13): warning C4244: =: преобразование "wchar_t" в "char", возможна потеря данных
  (компиляция исходного файла "MyForm.cpp")
  
D:\Учёба\Автомат\2-56\Project1\Project1\MyForm.h(297,13): warning C4244: =: преобразование "wchar_t" в "char", возможна потеря данных
  (компиляция исходного файла "MyForm.cpp")
  
D:\Учёба\Автомат\2-56\Project1\Project1\MyForm.h(302,13): warning C4244: =: преобразование "wchar_t" в "char", возможна потеря данных
  (компиляция исходного файла "MyForm.cpp")
  
D:\Учёба\Автомат\2-56\Project1\Project1\MyForm.h(307,13): warning C4244: =: преобразование "wchar_t" в "char", возможна потеря данных
  (компиляция исходного файла "MyForm.cpp")
  
D:\Учёба\Автомат\2-56\Project1\Project1\MyForm.h(313,13): warning C4244: =: преобразование "wchar_t" в "char", возможна потеря данных
  (компиляция исходного файла "MyForm.cpp")
  
D:\Учёба\Автомат\2-56\Project1\Project1\MyForm.h(320,13): warning C4244: =: преобразование "wchar_t" в "char", возможна потеря данных
  (компиляция исходного файла "MyForm.cpp")
  
D:\Учёба\Автомат\2-56\Project1\Project1\MyForm.h(327,13): warning C4244: =: преобразование "wchar_t" в "char", возможна потеря данных
  (компиляция исходного файла "MyForm.cpp")
  
D:\Учёба\Автомат\2-56\Project1\Project1\MyForm.h(331,13): warning C4244: =: преобразование "wchar_t" в "char", возможна потеря данных
  (компиляция исходного файла "MyForm.cpp")
  
D:\Учёба\Автомат\2-56\Project1\Project1\MyForm.h(337,13): warning C4244: =: преобразование "wchar_t" в "char", возможна потеря данных
  (компиляция исходного файла "MyForm.cpp")
  
D:\Учёба\Автомат\2-56\Project1\Project1\MyForm.h(341,13): warning C4244: =: преобразование "wchar_t" в "char", возможна потеря данных
  (компиляция исходного файла "MyForm.cpp")
  
D:\Учёба\Автомат\2-56\Project1\Project1\MyForm.h(345,13): warning C4244: =: преобразование "wchar_t" в "char", возможна потеря данных
  (компиляция исходного файла "MyForm.cpp")
  
D:\Учёба\Автомат\2-56\Project1\Project1\MyForm.h(352,13): warning C4244: =: преобразование "wchar_t" в "char", возможна потеря данных
  (компиляция исходного файла "MyForm.cpp")
  
D:\Учёба\Автомат\2-56\Project1\Project1\MyForm.h(356,13): warning C4244: =: преобразование "wchar_t" в "char", возможна потеря данных
  (компиляция исходного файла "MyForm.cpp")
  
D:\Учёба\Автомат\2-56\Project1\Project1\MyForm.h(360,13): warning C4244: =: преобразование "wchar_t" в "char", возможна потеря данных
  (компиляция исходного файла "MyForm.cpp")
  
D:\Учёба\Автомат\2-56\Project1\Project1\MyForm.h(366,13): warning C4244: =: преобразование "wchar_t" в "char", возможна потеря данных
  (компиляция исходного файла "MyForm.cpp")
  
D:\Учёба\Автомат\2-56\Project1\Project1\MyForm.h(370,13): warning C4244: =: преобразование "wchar_t" в "char", возможна потеря данных
  (компиляция исходного файла "MyForm.cpp")
  
D:\Учёба\Автомат\2-56\Project1\Project1\MyForm.h(374,13): warning C4244: =: преобразование "wchar_t" в "char", возможна потеря данных
  (компиляция исходного файла "MyForm.cpp")
  
D:\Учёба\Автомат\2-56\Project1\Project1\MyForm.h(378,13): warning C4244: =: преобразование "wchar_t" в "char", возможна потеря данных
  (компиляция исходного файла "MyForm.cpp")
  
D:\Учёба\Автомат\2-56\Project1\Project1\MyForm.h(385,13): warning C4244: =: преобразование "wchar_t" в "char", возможна потеря данных
  (компиляция исходного файла "MyForm.cpp")
  
D:\Учёба\Автомат\2-56\Project1\Project1\MyForm.h(389,13): warning C4244: =: преобразование "wchar_t" в "char", возможна потеря данных
  (компиляция исходного файла "MyForm.cpp")
  
D:\Учёба\Автомат\2-56\Project1\Project1\MyForm.h(396,13): warning C4244: =: преобразование "wchar_t" в "char", возможна потеря данных
  (компиляция исходного файла "MyForm.cpp")
  
D:\Учёба\Автомат\2-56\Project1\Project1\MyForm.h(400,13): warning C4244: =: преобразование "wchar_t" в "char", возможна потеря данных
  (компиляция исходного файла "MyForm.cpp")
  
D:\Учёба\Автомат\2-56\Project1\Project1\MyForm.h(404,13): warning C4244: =: преобразование "wchar_t" в "char", возможна потеря данных
  (компиляция исходного файла "MyForm.cpp")
  
D:\Учёба\Автомат\2-56\Project1\Project1\MyForm.h(413,13): warning C4244: =: преобразование "wchar_t" в "char", возможна потеря данных
  (компиляция исходного файла "MyForm.cpp")
  
D:\Учёба\Автомат\2-56\Project1\Project1\MyForm.h(418,13): warning C4244: =: преобразование "wchar_t" в "char", возможна потеря данных
  (компиляция исходного файла "MyForm.cpp")
  
D:\Учёба\Автомат\2-56\Project1\Project1\MyForm.h(422,13): warning C4244: =: преобразование "wchar_t" в "char", возможна потеря данных
  (компиляция исходного файла "MyForm.cpp")
  
D:\Учёба\Автомат\2-56\Project1\Project1\MyForm.h(429,13): warning C4244: =: преобразование "wchar_t" в "char", возможна потеря данных
  (компиляция исходного файла "MyForm.cpp")
  
D:\Учёба\Автомат\2-56\Project1\Project1\MyForm.h(433,13): warning C4244: =: преобразование "wchar_t" в "char", возможна потеря данных
  (компиляция исходного файла "MyForm.cpp")
  
D:\Учёба\Автомат\2-56\Project1\Project1\MyForm.h(442,13): warning C4244: =: преобразование "wchar_t" в "char", возможна потеря данных
  (компиляция исходного файла "MyForm.cpp")
  
D:\Учёба\Автомат\2-56\Project1\Project1\MyForm.h(446,13): warning C4244: =: преобразование "wchar_t" в "char", возможна потеря данных
  (компиляция исходного файла "MyForm.cpp")
  
D:\Учёба\Автомат\2-56\Project1\Project1\MyForm.h(451,13): warning C4244: =: преобразование "wchar_t" в "char", возможна потеря данных
  (компиляция исходного файла "MyForm.cpp")
  
D:\Учёба\Автомат\2-56\Project1\Project1\MyForm.h(455,13): warning C4244: =: преобразование "wchar_t" в "char", возможна потеря данных
  (компиляция исходного файла "MyForm.cpp")
  
D:\Учёба\Автомат\2-56\Project1\Project1\MyForm.h(462,13): warning C4244: =: преобразование "wchar_t" в "char", возможна потеря данных
  (компиляция исходного файла "MyForm.cpp")
  
D:\Учёба\Автомат\2-56\Project1\Project1\MyForm.h(466,13): warning C4244: =: преобразование "wchar_t" в "char", возможна потеря данных
  (компиляция исходного файла "MyForm.cpp")
  
D:\Учёба\Автомат\2-56\Project1\Project1\MyForm.h(475,13): warning C4244: =: преобразование "wchar_t" в "char", возможна потеря данных
  (компиляция исходного файла "MyForm.cpp")
  
D:\Учёба\Автомат\2-56\Project1\Project1\MyForm.h(480,13): warning C4244: =: преобразование "wchar_t" в "char", возможна потеря данных
  (компиляция исходного файла "MyForm.cpp")
  
D:\Учёба\Автомат\2-56\Project1\Project1\MyForm.h(484,13): warning C4244: =: преобразование "wchar_t" в "char", возможна потеря данных
  (компиляция исходного файла "MyForm.cpp")
  
D:\Учёба\Автомат\2-56\Project1\Project1\MyForm.h(488,13): warning C4244: =: преобразование "wchar_t" в "char", возможна потеря данных
  (компиляция исходного файла "MyForm.cpp")
  
  MyForm.obj : обнаружен модуль MSIL; для MSIL последовательная компоновка отключена; выполняется полная компоновка
  Project1.vcxproj -> D:\Учёба\Автомат\2-56\Project1\x64\Debug\Project1.exe
