  MyForm.cpp
D:\Учёба\Автомат\2-34\Project1\Project1\MyForm.h(241,13): warning C4244: =: преобразование "wchar_t" в "char", возможна потеря данных
  (компиляция исходного файла "MyForm.cpp")
  
D:\Учёба\Автомат\2-34\Project1\Project1\MyForm.h(247,13): warning C4244: =: преобразование "wchar_t" в "char", возможна потеря данных
  (компиляция исходного файла "MyForm.cpp")
  
D:\Учёба\Автомат\2-34\Project1\Project1\MyForm.h(251,13): warning C4244: =: преобразование "wchar_t" в "char", возможна потеря данных
  (компиляция исходного файла "MyForm.cpp")
  
D:\Учёба\Автомат\2-34\Project1\Project1\MyForm.h(255,13): warning C4244: =: преобразование "wchar_t" в "char", возможна потеря данных
  (компиляция исходного файла "MyForm.cpp")
  
D:\Учёба\Автомат\2-34\Project1\Project1\MyForm.h(260,13): warning C4244: =: преобразование "wchar_t" в "char", возможна потеря данных
  (компиляция исходного файла "MyForm.cpp")
  
D:\Учёба\Автомат\2-34\Project1\Project1\MyForm.h(264,13): warning C4244: =: преобразование "wchar_t" в "char", возможна потеря данных
  (компиляция исходного файла "MyForm.cpp")
  
D:\Учёба\Автомат\2-34\Project1\Project1\MyForm.h(272,13): warning C4244: =: преобразование "wchar_t" в "char", возможна потеря данных
  (компиляция исходного файла "MyForm.cpp")
  
D:\Учёба\Автомат\2-34\Project1\Project1\MyForm.h(281,13): warning C4244: =: преобразование "wchar_t" в "char", возможна потеря данных
  (компиляция исходного файла "MyForm.cpp")
  
D:\Учёба\Автомат\2-34\Project1\Project1\MyForm.h(288,13): warning C4244: =: преобразование "wchar_t" в "char", возможна потеря данных
  (компиляция исходного файла "MyForm.cpp")
  
D:\Учёба\Автомат\2-34\Project1\Project1\MyForm.h(298,13): warning C4244: =: преобразование "wchar_t" в "char", возможна потеря данных
  (компиляция исходного файла "MyForm.cpp")
  
D:\Учёба\Автомат\2-34\Project1\Project1\MyForm.h(303,13): warning C4244: =: преобразование "wchar_t" в "char", возможна потеря данных
  (компиляция исходного файла "MyForm.cpp")
  
D:\Учёба\Автомат\2-34\Project1\Project1\MyForm.h(308,13): warning C4244: =: преобразование "wchar_t" в "char", возможна потеря данных
  (компиляция исходного файла "MyForm.cpp")
  
D:\Учёба\Автомат\2-34\Project1\Project1\MyForm.h(314,13): warning C4244: =: преобразование "wchar_t" в "char", возможна потеря данных
  (компиляция исходного файла "MyForm.cpp")
  
D:\Учёба\Автомат\2-34\Project1\Project1\MyForm.h(321,13): warning C4244: =: преобразование "wchar_t" в "char", возможна потеря данных
  (компиляция исходного файла "MyForm.cpp")
  
D:\Учёба\Автомат\2-34\Project1\Project1\MyForm.h(328,13): warning C4244: =: преобразование "wchar_t" в "char", возможна потеря данных
  (компиляция исходного файла "MyForm.cpp")
  
D:\Учёба\Автомат\2-34\Project1\Project1\MyForm.h(332,13): warning C4244: =: преобразование "wchar_t" в "char", возможна потеря данных
  (компиляция исходного файла "MyForm.cpp")
  
D:\Учёба\Автомат\2-34\Project1\Project1\MyForm.h(338,13): warning C4244: =: преобразование "wchar_t" в "char", возможна потеря данных
  (компиляция исходного файла "MyForm.cpp")
  
D:\Учёба\Автомат\2-34\Project1\Project1\MyForm.h(342,13): warning C4244: =: преобразование "wchar_t" в "char", возможна потеря данных
  (компиляция исходного файла "MyForm.cpp")
  
D:\Учёба\Автомат\2-34\Project1\Project1\MyForm.h(346,13): warning C4244: =: преобразование "wchar_t" в "char", возможна потеря данных
  (компиляция исходного файла "MyForm.cpp")
  
D:\Учёба\Автомат\2-34\Project1\Project1\MyForm.h(353,13): warning C4244: =: преобразование "wchar_t" в "char", возможна потеря данных
  (компиляция исходного файла "MyForm.cpp")
  
D:\Учёба\Автомат\2-34\Project1\Project1\MyForm.h(357,13): warning C4244: =: преобразование "wchar_t" в "char", возможна потеря данных
  (компиляция исходного файла "MyForm.cpp")
  
D:\Учёба\Автомат\2-34\Project1\Project1\MyForm.h(361,13): warning C4244: =: преобразование "wchar_t" в "char", возможна потеря данных
  (компиляция исходного файла "MyForm.cpp")
  
D:\Учёба\Автомат\2-34\Project1\Project1\MyForm.h(367,13): warning C4244: =: преобразование "wchar_t" в "char", возможна потеря данных
  (компиляция исходного файла "MyForm.cpp")
  
D:\Учёба\Автомат\2-34\Project1\Project1\MyForm.h(371,13): warning C4244: =: преобразование "wchar_t" в "char", возможна потеря данных
  (компиляция исходного файла "MyForm.cpp")
  
D:\Учёба\Автомат\2-34\Project1\Project1\MyForm.h(375,13): warning C4244: =: преобразование "wchar_t" в "char", возможна потеря данных
  (компиляция исходного файла "MyForm.cpp")
  
D:\Учёба\Автомат\2-34\Project1\Project1\MyForm.h(379,13): warning C4244: =: преобразование "wchar_t" в "char", возможна потеря данных
  (компиляция исходного файла "MyForm.cpp")
  
D:\Учёба\Автомат\2-34\Project1\Project1\MyForm.h(386,13): warning C4244: =: преобразование "wchar_t" в "char", возможна потеря данных
  (компиляция исходного файла "MyForm.cpp")
  
D:\Учёба\Автомат\2-34\Project1\Project1\MyForm.h(390,13): warning C4244: =: преобразование "wchar_t" в "char", возможна потеря данных
  (компиляция исходного файла "MyForm.cpp")
  
D:\Учёба\Автомат\2-34\Project1\Project1\MyForm.h(397,13): warning C4244: =: преобразование "wchar_t" в "char", возможна потеря данных
  (компиляция исходного файла "MyForm.cpp")
  
D:\Учёба\Автомат\2-34\Project1\Project1\MyForm.h(401,13): warning C4244: =: преобразование "wchar_t" в "char", возможна потеря данных
  (компиляция исходного файла "MyForm.cpp")
  
D:\Учёба\Автомат\2-34\Project1\Project1\MyForm.h(405,13): warning C4244: =: преобразование "wchar_t" в "char", возможна потеря данных
  (компиляция исходного файла "MyForm.cpp")
  
D:\Учёба\Автомат\2-34\Project1\Project1\MyForm.h(414,13): warning C4244: =: преобразование "wchar_t" в "char", возможна потеря данных
  (компиляция исходного файла "MyForm.cpp")
  
D:\Учёба\Автомат\2-34\Project1\Project1\MyForm.h(419,13): warning C4244: =: преобразование "wchar_t" в "char", возможна потеря данных
  (компиляция исходного файла "MyForm.cpp")
  
D:\Учёба\Автомат\2-34\Project1\Project1\MyForm.h(423,13): warning C4244: =: преобразование "wchar_t" в "char", возможна потеря данных
  (компиляция исходного файла "MyForm.cpp")
  
D:\Учёба\Автомат\2-34\Project1\Project1\MyForm.h(430,13): warning C4244: =: преобразование "wchar_t" в "char", возможна потеря данных
  (компиляция исходного файла "MyForm.cpp")
  
D:\Учёба\Автомат\2-34\Project1\Project1\MyForm.h(434,13): warning C4244: =: преобразование "wchar_t" в "char", возможна потеря данных
  (компиляция исходного файла "MyForm.cpp")
  
D:\Учёба\Автомат\2-34\Project1\Project1\MyForm.h(443,13): warning C4244: =: преобразование "wchar_t" в "char", возможна потеря данных
  (компиляция исходного файла "MyForm.cpp")
  
D:\Учёба\Автомат\2-34\Project1\Project1\MyForm.h(447,13): warning C4244: =: преобразование "wchar_t" в "char", возможна потеря данных
  (компиляция исходного файла "MyForm.cpp")
  
D:\Учёба\Автомат\2-34\Project1\Project1\MyForm.h(452,13): warning C4244: =: преобразование "wchar_t" в "char", возможна потеря данных
  (компиляция исходного файла "MyForm.cpp")
  
D:\Учёба\Автомат\2-34\Project1\Project1\MyForm.h(456,13): warning C4244: =: преобразование "wchar_t" в "char", возможна потеря данных
  (компиляция исходного файла "MyForm.cpp")
  
D:\Учёба\Автомат\2-34\Project1\Project1\MyForm.h(463,13): warning C4244: =: преобразование "wchar_t" в "char", возможна потеря данных
  (компиляция исходного файла "MyForm.cpp")
  
D:\Учёба\Автомат\2-34\Project1\Project1\MyForm.h(467,13): warning C4244: =: преобразование "wchar_t" в "char", возможна потеря данных
  (компиляция исходного файла "MyForm.cpp")
  
D:\Учёба\Автомат\2-34\Project1\Project1\MyForm.h(476,13): warning C4244: =: преобразование "wchar_t" в "char", возможна потеря данных
  (компиляция исходного файла "MyForm.cpp")
  
D:\Учёба\Автомат\2-34\Project1\Project1\MyForm.h(481,13): warning C4244: =: преобразование "wchar_t" в "char", возможна потеря данных
  (компиляция исходного файла "MyForm.cpp")
  
D:\Учёба\Автомат\2-34\Project1\Project1\MyForm.h(485,13): warning C4244: =: преобразование "wchar_t" в "char", возможна потеря данных
  (компиляция исходного файла "MyForm.cpp")
  
D:\Учёба\Автомат\2-34\Project1\Project1\MyForm.h(489,13): warning C4244: =: преобразование "wchar_t" в "char", возможна потеря данных
  (компиляция исходного файла "MyForm.cpp")
  
D:\Учёба\Автомат\2-34\Project1\Project1\MyForm.h(560,13): warning C4244: =: преобразование "wchar_t" в "char", возможна потеря данных
  (компиляция исходного файла "MyForm.cpp")
  
D:\Учёба\Автомат\2-34\Project1\Project1\MyForm.h(565,13): warning C4244: =: преобразование "wchar_t" в "char", возможна потеря данных
  (компиляция исходного файла "MyForm.cpp")
  
D:\Учёба\Автомат\2-34\Project1\Project1\MyForm.h(569,13): warning C4244: =: преобразование "wchar_t" в "char", возможна потеря данных
  (компиляция исходного файла "MyForm.cpp")
  
D:\Учёба\Автомат\2-34\Project1\Project1\MyForm.h(577,13): warning C4244: =: преобразование "wchar_t" в "char", возможна потеря данных
  (компиляция исходного файла "MyForm.cpp")
  
D:\Учёба\Автомат\2-34\Project1\Project1\MyForm.h(584,13): warning C4244: =: преобразование "wchar_t" в "char", возможна потеря данных
  (компиляция исходного файла "MyForm.cpp")
  
D:\Учёба\Автомат\2-34\Project1\Project1\MyForm.h(590,13): warning C4244: =: преобразование "wchar_t" в "char", возможна потеря данных
  (компиляция исходного файла "MyForm.cpp")
  
D:\Учёба\Автомат\2-34\Project1\Project1\MyForm.h(609,13): warning C4244: =: преобразование "wchar_t" в "char", возможна потеря данных
  (компиляция исходного файла "MyForm.cpp")
  
D:\Учёба\Автомат\2-34\Project1\Project1\MyForm.h(615,13): warning C4244: =: преобразование "wchar_t" в "char", возможна потеря данных
  (компиляция исходного файла "MyForm.cpp")
  
D:\Учёба\Автомат\2-34\Project1\Project1\MyForm.h(624,13): warning C4244: =: преобразование "wchar_t" в "char", возможна потеря данных
  (компиляция исходного файла "MyForm.cpp")
  
D:\Учёба\Автомат\2-34\Project1\Project1\MyForm.h(628,13): warning C4244: =: преобразование "wchar_t" в "char", возможна потеря данных
  (компиляция исходного файла "MyForm.cpp")
  
D:\Учёба\Автомат\2-34\Project1\Project1\MyForm.h(636,13): warning C4244: =: преобразование "wchar_t" в "char", возможна потеря данных
  (компиляция исходного файла "MyForm.cpp")
  
D:\Учёба\Автомат\2-34\Project1\Project1\MyForm.h(655,13): warning C4244: =: преобразование "wchar_t" в "char", возможна потеря данных
  (компиляция исходного файла "MyForm.cpp")
  
D:\Учёба\Автомат\2-34\Project1\Project1\MyForm.h(663,13): warning C4244: =: преобразование "wchar_t" в "char", возможна потеря данных
  (компиляция исходного файла "MyForm.cpp")
  
D:\Учёба\Автомат\2-34\Project1\Project1\MyForm.h(669,13): warning C4244: =: преобразование "wchar_t" в "char", возможна потеря данных
  (компиляция исходного файла "MyForm.cpp")
  
D:\Учёба\Автомат\2-34\Project1\Project1\MyForm.h(675,13): warning C4244: =: преобразование "wchar_t" в "char", возможна потеря данных
  (компиляция исходного файла "MyForm.cpp")
  
D:\Учёба\Автомат\2-34\Project1\Project1\MyForm.h(682,13): warning C4244: =: преобразование "wchar_t" в "char", возможна потеря данных
  (компиляция исходного файла "MyForm.cpp")
  
D:\Учёба\Автомат\2-34\Project1\Project1\MyForm.h(691,13): warning C4244: =: преобразование "wchar_t" в "char", возможна потеря данных
  (компиляция исходного файла "MyForm.cpp")
  
D:\Учёба\Автомат\2-34\Project1\Project1\MyForm.h(698,13): warning C4244: =: преобразование "wchar_t" в "char", возможна потеря данных
  (компиляция исходного файла "MyForm.cpp")
  
D:\Учёба\Автомат\2-34\Project1\Project1\MyForm.h(707,13): warning C4244: =: преобразование "wchar_t" в "char", возможна потеря данных
  (компиляция исходного файла "MyForm.cpp")
  
D:\Учёба\Автомат\2-34\Project1\Project1\MyForm.h(716,13): warning C4244: =: преобразование "wchar_t" в "char", возможна потеря данных
  (компиляция исходного файла "MyForm.cpp")
  
D:\Учёба\Автомат\2-34\Project1\Project1\MyForm.h(733,13): warning C4244: =: преобразование "wchar_t" в "char", возможна потеря данных
  (компиляция исходного файла "MyForm.cpp")
  
D:\Учёба\Автомат\2-34\Project1\Project1\MyForm.h(739,13): warning C4244: =: преобразование "wchar_t" в "char", возможна потеря данных
  (компиляция исходного файла "MyForm.cpp")
  
D:\Учёба\Автомат\2-34\Project1\Project1\MyForm.h(750,13): warning C4244: =: преобразование "wchar_t" в "char", возможна потеря данных
  (компиляция исходного файла "MyForm.cpp")
  
D:\Учёба\Автомат\2-34\Project1\Project1\MyForm.h(758,13): warning C4244: =: преобразование "wchar_t" в "char", возможна потеря данных
  (компиляция исходного файла "MyForm.cpp")
  
D:\Учёба\Автомат\2-34\Project1\Project1\MyForm.h(766,13): warning C4244: =: преобразование "wchar_t" в "char", возможна потеря данных
  (компиляция исходного файла "MyForm.cpp")
  
D:\Учёба\Автомат\2-34\Project1\Project1\MyForm.h(779,13): warning C4244: =: преобразование "wchar_t" в "char", возможна потеря данных
  (компиляция исходного файла "MyForm.cpp")
  
D:\Учёба\Автомат\2-34\Project1\Project1\MyForm.h(806,13): warning C4244: =: преобразование "wchar_t" в "char", возможна потеря данных
  (компиляция исходного файла "MyForm.cpp")
  
D:\Учёба\Автомат\2-34\Project1\Project1\MyForm.h(810,13): warning C4244: =: преобразование "wchar_t" в "char", возможна потеря данных
  (компиляция исходного файла "MyForm.cpp")
  
  MyForm.obj : обнаружен модуль MSIL; для MSIL последовательная компоновка отключена; выполняется полная компоновка
  Project1.vcxproj -> D:\Учёба\Автомат\2-34\Project1\x64\Debug\Project1.exe
