  MyForm.cpp
D:\Учёба\Автомат\2-12\Project1\Project1\MyForm.h(157,13): warning C4244: =: преобразование "wchar_t" в "char", возможна потеря данных
  (компиляция исходного файла "MyForm.cpp")
  
D:\Учёба\Автомат\2-12\Project1\Project1\MyForm.h(163,13): warning C4244: =: преобразование "wchar_t" в "char", возможна потеря данных
  (компиляция исходного файла "MyForm.cpp")
  
D:\Учёба\Автомат\2-12\Project1\Project1\MyForm.h(167,13): warning C4244: =: преобразование "wchar_t" в "char", возможна потеря данных
  (компиляция исходного файла "MyForm.cpp")
  
D:\Учёба\Автомат\2-12\Project1\Project1\MyForm.h(171,13): warning C4244: =: преобразование "wchar_t" в "char", возможна потеря данных
  (компиляция исходного файла "MyForm.cpp")
  
D:\Учёба\Автомат\2-12\Project1\Project1\MyForm.h(176,13): warning C4244: =: преобразование "wchar_t" в "char", возможна потеря данных
  (компиляция исходного файла "MyForm.cpp")
  
D:\Учёба\Автомат\2-12\Project1\Project1\MyForm.h(180,13): warning C4244: =: преобразование "wchar_t" в "char", возможна потеря данных
  (компиляция исходного файла "MyForm.cpp")
  
D:\Учёба\Автомат\2-12\Project1\Project1\MyForm.h(188,13): warning C4244: =: преобразование "wchar_t" в "char", возможна потеря данных
  (компиляция исходного файла "MyForm.cpp")
  
D:\Учёба\Автомат\2-12\Project1\Project1\MyForm.h(197,13): warning C4244: =: преобразование "wchar_t" в "char", возможна потеря данных
  (компиляция исходного файла "MyForm.cpp")
  
D:\Учёба\Автомат\2-12\Project1\Project1\MyForm.h(204,13): warning C4244: =: преобразование "wchar_t" в "char", возможна потеря данных
  (компиляция исходного файла "MyForm.cpp")
  
D:\Учёба\Автомат\2-12\Project1\Project1\MyForm.h(214,13): warning C4244: =: преобразование "wchar_t" в "char", возможна потеря данных
  (компиляция исходного файла "MyForm.cpp")
  
D:\Учёба\Автомат\2-12\Project1\Project1\MyForm.h(219,13): warning C4244: =: преобразование "wchar_t" в "char", возможна потеря данных
  (компиляция исходного файла "MyForm.cpp")
  
D:\Учёба\Автомат\2-12\Project1\Project1\MyForm.h(224,13): warning C4244: =: преобразование "wchar_t" в "char", возможна потеря данных
  (компиляция исходного файла "MyForm.cpp")
  
D:\Учёба\Автомат\2-12\Project1\Project1\MyForm.h(230,13): warning C4244: =: преобразование "wchar_t" в "char", возможна потеря данных
  (компиляция исходного файла "MyForm.cpp")
  
D:\Учёба\Автомат\2-12\Project1\Project1\MyForm.h(237,13): warning C4244: =: преобразование "wchar_t" в "char", возможна потеря данных
  (компиляция исходного файла "MyForm.cpp")
  
D:\Учёба\Автомат\2-12\Project1\Project1\MyForm.h(244,13): warning C4244: =: преобразование "wchar_t" в "char", возможна потеря данных
  (компиляция исходного файла "MyForm.cpp")
  
D:\Учёба\Автомат\2-12\Project1\Project1\MyForm.h(248,13): warning C4244: =: преобразование "wchar_t" в "char", возможна потеря данных
  (компиляция исходного файла "MyForm.cpp")
  
D:\Учёба\Автомат\2-12\Project1\Project1\MyForm.h(254,13): warning C4244: =: преобразование "wchar_t" в "char", возможна потеря данных
  (компиляция исходного файла "MyForm.cpp")
  
D:\Учёба\Автомат\2-12\Project1\Project1\MyForm.h(258,13): warning C4244: =: преобразование "wchar_t" в "char", возможна потеря данных
  (компиляция исходного файла "MyForm.cpp")
  
D:\Учёба\Автомат\2-12\Project1\Project1\MyForm.h(262,13): warning C4244: =: преобразование "wchar_t" в "char", возможна потеря данных
  (компиляция исходного файла "MyForm.cpp")
  
D:\Учёба\Автомат\2-12\Project1\Project1\MyForm.h(269,13): warning C4244: =: преобразование "wchar_t" в "char", возможна потеря данных
  (компиляция исходного файла "MyForm.cpp")
  
D:\Учёба\Автомат\2-12\Project1\Project1\MyForm.h(273,13): warning C4244: =: преобразование "wchar_t" в "char", возможна потеря данных
  (компиляция исходного файла "MyForm.cpp")
  
D:\Учёба\Автомат\2-12\Project1\Project1\MyForm.h(277,13): warning C4244: =: преобразование "wchar_t" в "char", возможна потеря данных
  (компиляция исходного файла "MyForm.cpp")
  
D:\Учёба\Автомат\2-12\Project1\Project1\MyForm.h(283,13): warning C4244: =: преобразование "wchar_t" в "char", возможна потеря данных
  (компиляция исходного файла "MyForm.cpp")
  
D:\Учёба\Автомат\2-12\Project1\Project1\MyForm.h(287,13): warning C4244: =: преобразование "wchar_t" в "char", возможна потеря данных
  (компиляция исходного файла "MyForm.cpp")
  
D:\Учёба\Автомат\2-12\Project1\Project1\MyForm.h(291,13): warning C4244: =: преобразование "wchar_t" в "char", возможна потеря данных
  (компиляция исходного файла "MyForm.cpp")
  
D:\Учёба\Автомат\2-12\Project1\Project1\MyForm.h(295,13): warning C4244: =: преобразование "wchar_t" в "char", возможна потеря данных
  (компиляция исходного файла "MyForm.cpp")
  
D:\Учёба\Автомат\2-12\Project1\Project1\MyForm.h(302,13): warning C4244: =: преобразование "wchar_t" в "char", возможна потеря данных
  (компиляция исходного файла "MyForm.cpp")
  
D:\Учёба\Автомат\2-12\Project1\Project1\MyForm.h(306,13): warning C4244: =: преобразование "wchar_t" в "char", возможна потеря данных
  (компиляция исходного файла "MyForm.cpp")
  
D:\Учёба\Автомат\2-12\Project1\Project1\MyForm.h(313,13): warning C4244: =: преобразование "wchar_t" в "char", возможна потеря данных
  (компиляция исходного файла "MyForm.cpp")
  
D:\Учёба\Автомат\2-12\Project1\Project1\MyForm.h(317,13): warning C4244: =: преобразование "wchar_t" в "char", возможна потеря данных
  (компиляция исходного файла "MyForm.cpp")
  
D:\Учёба\Автомат\2-12\Project1\Project1\MyForm.h(321,13): warning C4244: =: преобразование "wchar_t" в "char", возможна потеря данных
  (компиляция исходного файла "MyForm.cpp")
  
D:\Учёба\Автомат\2-12\Project1\Project1\MyForm.h(330,13): warning C4244: =: преобразование "wchar_t" в "char", возможна потеря данных
  (компиляция исходного файла "MyForm.cpp")
  
D:\Учёба\Автомат\2-12\Project1\Project1\MyForm.h(335,13): warning C4244: =: преобразование "wchar_t" в "char", возможна потеря данных
  (компиляция исходного файла "MyForm.cpp")
  
D:\Учёба\Автомат\2-12\Project1\Project1\MyForm.h(339,13): warning C4244: =: преобразование "wchar_t" в "char", возможна потеря данных
  (компиляция исходного файла "MyForm.cpp")
  
D:\Учёба\Автомат\2-12\Project1\Project1\MyForm.h(346,13): warning C4244: =: преобразование "wchar_t" в "char", возможна потеря данных
  (компиляция исходного файла "MyForm.cpp")
  
D:\Учёба\Автомат\2-12\Project1\Project1\MyForm.h(350,13): warning C4244: =: преобразование "wchar_t" в "char", возможна потеря данных
  (компиляция исходного файла "MyForm.cpp")
  
D:\Учёба\Автомат\2-12\Project1\Project1\MyForm.h(359,13): warning C4244: =: преобразование "wchar_t" в "char", возможна потеря данных
  (компиляция исходного файла "MyForm.cpp")
  
D:\Учёба\Автомат\2-12\Project1\Project1\MyForm.h(363,13): warning C4244: =: преобразование "wchar_t" в "char", возможна потеря данных
  (компиляция исходного файла "MyForm.cpp")
  
D:\Учёба\Автомат\2-12\Project1\Project1\MyForm.h(368,13): warning C4244: =: преобразование "wchar_t" в "char", возможна потеря данных
  (компиляция исходного файла "MyForm.cpp")
  
D:\Учёба\Автомат\2-12\Project1\Project1\MyForm.h(372,13): warning C4244: =: преобразование "wchar_t" в "char", возможна потеря данных
  (компиляция исходного файла "MyForm.cpp")
  
D:\Учёба\Автомат\2-12\Project1\Project1\MyForm.h(379,13): warning C4244: =: преобразование "wchar_t" в "char", возможна потеря данных
  (компиляция исходного файла "MyForm.cpp")
  
D:\Учёба\Автомат\2-12\Project1\Project1\MyForm.h(383,13): warning C4244: =: преобразование "wchar_t" в "char", возможна потеря данных
  (компиляция исходного файла "MyForm.cpp")
  
D:\Учёба\Автомат\2-12\Project1\Project1\MyForm.h(392,13): warning C4244: =: преобразование "wchar_t" в "char", возможна потеря данных
  (компиляция исходного файла "MyForm.cpp")
  
D:\Учёба\Автомат\2-12\Project1\Project1\MyForm.h(397,13): warning C4244: =: преобразование "wchar_t" в "char", возможна потеря данных
  (компиляция исходного файла "MyForm.cpp")
  
D:\Учёба\Автомат\2-12\Project1\Project1\MyForm.h(401,13): warning C4244: =: преобразование "wchar_t" в "char", возможна потеря данных
  (компиляция исходного файла "MyForm.cpp")
  
D:\Учёба\Автомат\2-12\Project1\Project1\MyForm.h(405,13): warning C4244: =: преобразование "wchar_t" в "char", возможна потеря данных
  (компиляция исходного файла "MyForm.cpp")
  
  MyForm.obj : обнаружен модуль MSIL; для MSIL последовательная компоновка отключена; выполняется полная компоновка
  Project1.vcxproj -> D:\Учёба\Автомат\2-12\Project1\x64\Debug\Project1.exe
