  MyForm.cpp
F:\desktop\Учёба\2курс\4семка\СиА\2лб\Project1\Project1\MyForm.h(176,22): warning C4101: ex: неиспользованная локальная переменная
  (компиляция исходного файла "MyForm.cpp")
  
F:\desktop\Учёба\2курс\4семка\СиА\2лб\Project1\Project1\MyForm.h(223,120): warning C4244: аргумент: преобразование "int" в "float", возможна потеря данных
  (компиляция исходного файла "MyForm.cpp")
  
F:\desktop\Учёба\2курс\4семка\СиА\2лб\Project1\Project1\MyForm.h(223,113): warning C4244: аргумент: преобразование "int" в "float", возможна потеря данных
  (компиляция исходного файла "MyForm.cpp")
  
F:\desktop\Учёба\2курс\4семка\СиА\2лб\Project1\Project1\MyForm.h(228,13): warning C4244: инициализация: преобразование "double" в "int", возможна потеря данных
  (компиляция исходного файла "MyForm.cpp")
  
F:\desktop\Учёба\2курс\4семка\СиА\2лб\Project1\Project1\MyForm.h(229,13): warning C4244: инициализация: преобразование "double" в "int", возможна потеря данных
  (компиляция исходного файла "MyForm.cpp")
  
F:\desktop\Учёба\2курс\4семка\СиА\2лб\Project1\Project1\MyForm.h(230,13): warning C4244: инициализация: преобразование "double" в "int", возможна потеря данных
  (компиляция исходного файла "MyForm.cpp")
  
F:\desktop\Учёба\2курс\4семка\СиА\2лб\Project1\Project1\MyForm.h(231,13): warning C4244: инициализация: преобразование "double" в "int", возможна потеря данных
  (компиляция исходного файла "MyForm.cpp")
  
F:\desktop\Учёба\2курс\4семка\СиА\2лб\Project1\Project1\MyForm.h(233,13): warning C4244: инициализация: преобразование "double" в "int", возможна потеря данных
  (компиляция исходного файла "MyForm.cpp")
  
F:\desktop\Учёба\2курс\4семка\СиА\2лб\Project1\Project1\MyForm.h(234,13): warning C4244: инициализация: преобразование "double" в "int", возможна потеря данных
  (компиляция исходного файла "MyForm.cpp")
  
F:\desktop\Учёба\2курс\4семка\СиА\2лб\Project1\Project1\MyForm.h(235,14): warning C4244: инициализация: преобразование "double" в "int", возможна потеря данных
  (компиляция исходного файла "MyForm.cpp")
  
F:\desktop\Учёба\2курс\4семка\СиА\2лб\Project1\Project1\MyForm.h(236,14): warning C4244: инициализация: преобразование "double" в "int", возможна потеря данных
  (компиляция исходного файла "MyForm.cpp")
  
F:\desktop\Учёба\2курс\4семка\СиА\2лб\Project1\Project1\MyForm.h(180): warning C4715: Project1::MyForm::readData: значение возвращается не при всех путях выполнения
  MyForm.obj : обнаружен модуль MSIL; для MSIL последовательная компоновка отключена; выполняется полная компоновка
  Project1.vcxproj -> F:\desktop\Учёба\2курс\4семка\СиА\2лб\Project1\x64\Debug\Project1.exe
